<?xml version="1.0" encoding="UTF-8"?>
<testsuite xmlns:xsi="http://www.w3.org/2001/XMLSchema-instance" xsi:noNamespaceSchemaLocation="https://maven.apache.org/surefire/maven-surefire-plugin/xsd/surefire-test-report.xsd" name="TestSuite" time="5.211" tests="0" errors="0" skipped="0" failures="0">
  <properties>
    <property name="gopherProxySet" value="false"/>
    <property name="awt.toolkit" value="sun.lwawt.macosx.LWCToolkit"/>
    <property name="file.encoding.pkg" value="sun.io"/>
    <property name="java.specification.version" value="1.8"/>
    <property name="sun.cpu.isalist" value=""/>
    <property name="sun.jnu.encoding" value="UTF-8"/>
    <property name="java.class.path" value="/Users/rohitkumar/IdeaProjects/MavenProject/target/test-classes:/Users/rohitkumar/IdeaProjects/MavenProject/target/classes:/Users/rohitkumar/.m2/repository/org/seleniumhq/selenium/selenium-java/3.6.0/selenium-java-3.6.0.jar:/Users/rohitkumar/.m2/repository/org/seleniumhq/selenium/selenium-api/3.6.0/selenium-api-3.6.0.jar:/Users/rohitkumar/.m2/repository/org/seleniumhq/selenium/selenium-chrome-driver/3.6.0/selenium-chrome-driver-3.6.0.jar:/Users/rohitkumar/.m2/repository/org/seleniumhq/selenium/selenium-edge-driver/3.6.0/selenium-edge-driver-3.6.0.jar:/Users/rohitkumar/.m2/repository/org/seleniumhq/selenium/selenium-firefox-driver/3.6.0/selenium-firefox-driver-3.6.0.jar:/Users/rohitkumar/.m2/repository/org/seleniumhq/selenium/selenium-ie-driver/3.6.0/selenium-ie-driver-3.6.0.jar:/Users/rohitkumar/.m2/repository/org/seleniumhq/selenium/selenium-opera-driver/3.6.0/selenium-opera-driver-3.6.0.jar:/Users/rohitkumar/.m2/repository/org/seleniumhq/selenium/selenium-remote-driver/3.6.0/selenium-remote-driver-3.6.0.jar:/Users/rohitkumar/.m2/repository/org/seleniumhq/selenium/selenium-safari-driver/3.6.0/selenium-safari-driver-3.6.0.jar:/Users/rohitkumar/.m2/repository/org/seleniumhq/selenium/selenium-support/3.6.0/selenium-support-3.6.0.jar:/Users/rohitkumar/.m2/repository/net/bytebuddy/byte-buddy/1.7.5/byte-buddy-1.7.5.jar:/Users/rohitkumar/.m2/repository/org/apache/commons/commons-exec/1.3/commons-exec-1.3.jar:/Users/rohitkumar/.m2/repository/commons-codec/commons-codec/1.10/commons-codec-1.10.jar:/Users/rohitkumar/.m2/repository/commons-logging/commons-logging/1.2/commons-logging-1.2.jar:/Users/rohitkumar/.m2/repository/com/google/code/gson/gson/2.8.0/gson-2.8.0.jar:/Users/rohitkumar/.m2/repository/com/google/guava/guava/23.0/guava-23.0.jar:/Users/rohitkumar/.m2/repository/com/google/code/findbugs/jsr305/1.3.9/jsr305-1.3.9.jar:/Users/rohitkumar/.m2/repository/com/google/errorprone/error_prone_annotations/2.0.18/error_prone_annotations-2.0.18.jar:/Users/rohitkumar/.m2/repository/com/google/j2objc/j2objc-annotations/1.1/j2objc-annotations-1.1.jar:/Users/rohitkumar/.m2/repository/org/codehaus/mojo/animal-sniffer-annotations/1.14/animal-sniffer-annotations-1.14.jar:/Users/rohitkumar/.m2/repository/org/apache/httpcomponents/httpclient/4.5.3/httpclient-4.5.3.jar:/Users/rohitkumar/.m2/repository/org/apache/httpcomponents/httpcore/4.4.6/httpcore-4.4.6.jar:/Users/rohitkumar/.m2/repository/net/java/dev/jna/jna/4.1.0/jna-4.1.0.jar:/Users/rohitkumar/.m2/repository/net/java/dev/jna/jna-platform/4.1.0/jna-platform-4.1.0.jar:/Users/rohitkumar/.m2/repository/org/testng/testng/6.11/testng-6.11.jar:/Users/rohitkumar/.m2/repository/com/beust/jcommander/1.64/jcommander-1.64.jar:/Users/rohitkumar/.m2/repository/org/yaml/snakeyaml/1.17/snakeyaml-1.17.jar:/Users/rohitkumar/.m2/repository/io/rest-assured/rest-assured/3.0.5/rest-assured-3.0.5.jar:/Users/rohitkumar/.m2/repository/org/codehaus/groovy/groovy/2.4.9/groovy-2.4.9.jar:/Users/rohitkumar/.m2/repository/org/codehaus/groovy/groovy-xml/2.4.9/groovy-xml-2.4.9.jar:/Users/rohitkumar/.m2/repository/org/apache/httpcomponents/httpmime/4.5.1/httpmime-4.5.1.jar:/Users/rohitkumar/.m2/repository/org/hamcrest/hamcrest-core/1.3/hamcrest-core-1.3.jar:/Users/rohitkumar/.m2/repository/org/hamcrest/hamcrest-library/1.3/hamcrest-library-1.3.jar:/Users/rohitkumar/.m2/repository/org/ccil/cowan/tagsoup/tagsoup/1.2.1/tagsoup-1.2.1.jar:/Users/rohitkumar/.m2/repository/io/rest-assured/json-path/3.0.5/json-path-3.0.5.jar:/Users/rohitkumar/.m2/repository/org/codehaus/groovy/groovy-json/2.4.9/groovy-json-2.4.9.jar:/Users/rohitkumar/.m2/repository/io/rest-assured/rest-assured-common/3.0.5/rest-assured-common-3.0.5.jar:/Users/rohitkumar/.m2/repository/io/rest-assured/xml-path/3.0.5/xml-path-3.0.5.jar:/Users/rohitkumar/.m2/repository/io/appium/java-client/5.0.4/java-client-5.0.4.jar:/Users/rohitkumar/.m2/repository/cglib/cglib/3.2.5/cglib-3.2.5.jar:/Users/rohitkumar/.m2/repository/org/ow2/asm/asm/5.2/asm-5.2.jar:/Users/rohitkumar/.m2/repository/org/apache/ant/ant/1.9.6/ant-1.9.6.jar:/Users/rohitkumar/.m2/repository/org/apache/ant/ant-launcher/1.9.6/ant-launcher-1.9.6.jar:/Users/rohitkumar/.m2/repository/commons-validator/commons-validator/1.6/commons-validator-1.6.jar:/Users/rohitkumar/.m2/repository/commons-beanutils/commons-beanutils/1.9.2/commons-beanutils-1.9.2.jar:/Users/rohitkumar/.m2/repository/commons-digester/commons-digester/1.8.1/commons-digester-1.8.1.jar:/Users/rohitkumar/.m2/repository/commons-collections/commons-collections/3.2.2/commons-collections-3.2.2.jar:/Users/rohitkumar/.m2/repository/org/apache/commons/commons-lang3/3.6/commons-lang3-3.6.jar:/Users/rohitkumar/.m2/repository/commons-io/commons-io/2.5/commons-io-2.5.jar:/Users/rohitkumar/.m2/repository/org/springframework/spring-context/5.0.0.RELEASE/spring-context-5.0.0.RELEASE.jar:/Users/rohitkumar/.m2/repository/org/springframework/spring-aop/5.0.0.RELEASE/spring-aop-5.0.0.RELEASE.jar:/Users/rohitkumar/.m2/repository/org/springframework/spring-beans/5.0.0.RELEASE/spring-beans-5.0.0.RELEASE.jar:/Users/rohitkumar/.m2/repository/org/springframework/spring-core/5.0.0.RELEASE/spring-core-5.0.0.RELEASE.jar:/Users/rohitkumar/.m2/repository/org/springframework/spring-jcl/5.0.0.RELEASE/spring-jcl-5.0.0.RELEASE.jar:/Users/rohitkumar/.m2/repository/org/springframework/spring-expression/5.0.0.RELEASE/spring-expression-5.0.0.RELEASE.jar:/Users/rohitkumar/.m2/repository/org/aspectj/aspectjweaver/1.8.11/aspectjweaver-1.8.11.jar:/Users/rohitkumar/.m2/repository/org/openpnp/opencv/3.2.0-1/opencv-3.2.0-1.jar:/Users/rohitkumar/.m2/repository/junit/junit/4.11/junit-4.11.jar:"/>
    <property name="java.vm.vendor" value="AdoptOpenJDK"/>
    <property name="sun.arch.data.model" value="64"/>
    <property name="java.vendor.url" value="http://java.oracle.com/"/>
    <property name="user.timezone" value=""/>
    <property name="java.vm.specification.version" value="1.8"/>
    <property name="os.name" value="Mac OS X"/>
    <property name="user.country" value="IN"/>
    <property name="sun.java.launcher" value="SUN_STANDARD"/>
    <property name="sun.boot.library.path" value="/Users/rohitkumar/Library/Java/JavaVirtualMachines/adopt-openjdk-1.8.0_252/Contents/Home/jre/lib"/>
    <property name="sun.java.command" value="/Users/rohitkumar/IdeaProjects/MavenProject/target/surefire/surefirebooter14770772269618032.jar /Users/rohitkumar/IdeaProjects/MavenProject/target/surefire 2020-05-21T13-06-42_627-jvmRun1 surefire4138288261891590488tmp surefire_09014395870441174752tmp"/>
    <property name="http.nonProxyHosts" value="local|*.local|169.254/16|*.169.254/16"/>
    <property name="surefire.test.class.path" value="/Users/rohitkumar/IdeaProjects/MavenProject/target/test-classes:/Users/rohitkumar/IdeaProjects/MavenProject/target/classes:/Users/rohitkumar/.m2/repository/org/seleniumhq/selenium/selenium-java/3.6.0/selenium-java-3.6.0.jar:/Users/rohitkumar/.m2/repository/org/seleniumhq/selenium/selenium-api/3.6.0/selenium-api-3.6.0.jar:/Users/rohitkumar/.m2/repository/org/seleniumhq/selenium/selenium-chrome-driver/3.6.0/selenium-chrome-driver-3.6.0.jar:/Users/rohitkumar/.m2/repository/org/seleniumhq/selenium/selenium-edge-driver/3.6.0/selenium-edge-driver-3.6.0.jar:/Users/rohitkumar/.m2/repository/org/seleniumhq/selenium/selenium-firefox-driver/3.6.0/selenium-firefox-driver-3.6.0.jar:/Users/rohitkumar/.m2/repository/org/seleniumhq/selenium/selenium-ie-driver/3.6.0/selenium-ie-driver-3.6.0.jar:/Users/rohitkumar/.m2/repository/org/seleniumhq/selenium/selenium-opera-driver/3.6.0/selenium-opera-driver-3.6.0.jar:/Users/rohitkumar/.m2/repository/org/seleniumhq/selenium/selenium-remote-driver/3.6.0/selenium-remote-driver-3.6.0.jar:/Users/rohitkumar/.m2/repository/org/seleniumhq/selenium/selenium-safari-driver/3.6.0/selenium-safari-driver-3.6.0.jar:/Users/rohitkumar/.m2/repository/org/seleniumhq/selenium/selenium-support/3.6.0/selenium-support-3.6.0.jar:/Users/rohitkumar/.m2/repository/net/bytebuddy/byte-buddy/1.7.5/byte-buddy-1.7.5.jar:/Users/rohitkumar/.m2/repository/org/apache/commons/commons-exec/1.3/commons-exec-1.3.jar:/Users/rohitkumar/.m2/repository/commons-codec/commons-codec/1.10/commons-codec-1.10.jar:/Users/rohitkumar/.m2/repository/commons-logging/commons-logging/1.2/commons-logging-1.2.jar:/Users/rohitkumar/.m2/repository/com/google/code/gson/gson/2.8.0/gson-2.8.0.jar:/Users/rohitkumar/.m2/repository/com/google/guava/guava/23.0/guava-23.0.jar:/Users/rohitkumar/.m2/repository/com/google/code/findbugs/jsr305/1.3.9/jsr305-1.3.9.jar:/Users/rohitkumar/.m2/repository/com/google/errorprone/error_prone_annotations/2.0.18/error_prone_annotations-2.0.18.jar:/Users/rohitkumar/.m2/repository/com/google/j2objc/j2objc-annotations/1.1/j2objc-annotations-1.1.jar:/Users/rohitkumar/.m2/repository/org/codehaus/mojo/animal-sniffer-annotations/1.14/animal-sniffer-annotations-1.14.jar:/Users/rohitkumar/.m2/repository/org/apache/httpcomponents/httpclient/4.5.3/httpclient-4.5.3.jar:/Users/rohitkumar/.m2/repository/org/apache/httpcomponents/httpcore/4.4.6/httpcore-4.4.6.jar:/Users/rohitkumar/.m2/repository/net/java/dev/jna/jna/4.1.0/jna-4.1.0.jar:/Users/rohitkumar/.m2/repository/net/java/dev/jna/jna-platform/4.1.0/jna-platform-4.1.0.jar:/Users/rohitkumar/.m2/repository/org/testng/testng/6.11/testng-6.11.jar:/Users/rohitkumar/.m2/repository/com/beust/jcommander/1.64/jcommander-1.64.jar:/Users/rohitkumar/.m2/repository/org/yaml/snakeyaml/1.17/snakeyaml-1.17.jar:/Users/rohitkumar/.m2/repository/io/rest-assured/rest-assured/3.0.5/rest-assured-3.0.5.jar:/Users/rohitkumar/.m2/repository/org/codehaus/groovy/groovy/2.4.9/groovy-2.4.9.jar:/Users/rohitkumar/.m2/repository/org/codehaus/groovy/groovy-xml/2.4.9/groovy-xml-2.4.9.jar:/Users/rohitkumar/.m2/repository/org/apache/httpcomponents/httpmime/4.5.1/httpmime-4.5.1.jar:/Users/rohitkumar/.m2/repository/org/hamcrest/hamcrest-core/1.3/hamcrest-core-1.3.jar:/Users/rohitkumar/.m2/repository/org/hamcrest/hamcrest-library/1.3/hamcrest-library-1.3.jar:/Users/rohitkumar/.m2/repository/org/ccil/cowan/tagsoup/tagsoup/1.2.1/tagsoup-1.2.1.jar:/Users/rohitkumar/.m2/repository/io/rest-assured/json-path/3.0.5/json-path-3.0.5.jar:/Users/rohitkumar/.m2/repository/org/codehaus/groovy/groovy-json/2.4.9/groovy-json-2.4.9.jar:/Users/rohitkumar/.m2/repository/io/rest-assured/rest-assured-common/3.0.5/rest-assured-common-3.0.5.jar:/Users/rohitkumar/.m2/repository/io/rest-assured/xml-path/3.0.5/xml-path-3.0.5.jar:/Users/rohitkumar/.m2/repository/io/appium/java-client/5.0.4/java-client-5.0.4.jar:/Users/rohitkumar/.m2/repository/cglib/cglib/3.2.5/cglib-3.2.5.jar:/Users/rohitkumar/.m2/repository/org/ow2/asm/asm/5.2/asm-5.2.jar:/Users/rohitkumar/.m2/repository/org/apache/ant/ant/1.9.6/ant-1.9.6.jar:/Users/rohitkumar/.m2/repository/org/apache/ant/ant-launcher/1.9.6/ant-launcher-1.9.6.jar:/Users/rohitkumar/.m2/repository/commons-validator/commons-validator/1.6/commons-validator-1.6.jar:/Users/rohitkumar/.m2/repository/commons-beanutils/commons-beanutils/1.9.2/commons-beanutils-1.9.2.jar:/Users/rohitkumar/.m2/repository/commons-digester/commons-digester/1.8.1/commons-digester-1.8.1.jar:/Users/rohitkumar/.m2/repository/commons-collections/commons-collections/3.2.2/commons-collections-3.2.2.jar:/Users/rohitkumar/.m2/repository/org/apache/commons/commons-lang3/3.6/commons-lang3-3.6.jar:/Users/rohitkumar/.m2/repository/commons-io/commons-io/2.5/commons-io-2.5.jar:/Users/rohitkumar/.m2/repository/org/springframework/spring-context/5.0.0.RELEASE/spring-context-5.0.0.RELEASE.jar:/Users/rohitkumar/.m2/repository/org/springframework/spring-aop/5.0.0.RELEASE/spring-aop-5.0.0.RELEASE.jar:/Users/rohitkumar/.m2/repository/org/springframework/spring-beans/5.0.0.RELEASE/spring-beans-5.0.0.RELEASE.jar:/Users/rohitkumar/.m2/repository/org/springframework/spring-core/5.0.0.RELEASE/spring-core-5.0.0.RELEASE.jar:/Users/rohitkumar/.m2/repository/org/springframework/spring-jcl/5.0.0.RELEASE/spring-jcl-5.0.0.RELEASE.jar:/Users/rohitkumar/.m2/repository/org/springframework/spring-expression/5.0.0.RELEASE/spring-expression-5.0.0.RELEASE.jar:/Users/rohitkumar/.m2/repository/org/aspectj/aspectjweaver/1.8.11/aspectjweaver-1.8.11.jar:/Users/rohitkumar/.m2/repository/org/openpnp/opencv/3.2.0-1/opencv-3.2.0-1.jar:/Users/rohitkumar/.m2/repository/junit/junit/4.11/junit-4.11.jar:"/>
    <property name="sun.cpu.endian" value="little"/>
    <property name="user.home" value="/Users/rohitkumar"/>
    <property name="user.language" value="en"/>
    <property name="java.specification.vendor" value="Oracle Corporation"/>
    <property name="java.home" value="/Users/rohitkumar/Library/Java/JavaVirtualMachines/adopt-openjdk-1.8.0_252/Contents/Home/jre"/>
    <property name="basedir" value="/Users/rohitkumar/IdeaProjects/MavenProject"/>
    <property name="file.separator" value="/"/>
    <property name="line.separator" value="&#10;"/>
    <property name="java.vm.specification.vendor" value="Oracle Corporation"/>
    <property name="java.specification.name" value="Java Platform API Specification"/>
    <property name="java.awt.graphicsenv" value="sun.awt.CGraphicsEnvironment"/>
    <property name="surefire.real.class.path" value="/Users/rohitkumar/IdeaProjects/MavenProject/target/surefire/surefirebooter14770772269618032.jar"/>
    <property name="sun.boot.class.path" value="/Users/rohitkumar/Library/Java/JavaVirtualMachines/adopt-openjdk-1.8.0_252/Contents/Home/jre/lib/resources.jar:/Users/rohitkumar/Library/Java/JavaVirtualMachines/adopt-openjdk-1.8.0_252/Contents/Home/jre/lib/rt.jar:/Users/rohitkumar/Library/Java/JavaVirtualMachines/adopt-openjdk-1.8.0_252/Contents/Home/jre/lib/sunrsasign.jar:/Users/rohitkumar/Library/Java/JavaVirtualMachines/adopt-openjdk-1.8.0_252/Contents/Home/jre/lib/jsse.jar:/Users/rohitkumar/Library/Java/JavaVirtualMachines/adopt-openjdk-1.8.0_252/Contents/Home/jre/lib/jce.jar:/Users/rohitkumar/Library/Java/JavaVirtualMachines/adopt-openjdk-1.8.0_252/Contents/Home/jre/lib/charsets.jar:/Users/rohitkumar/Library/Java/JavaVirtualMachines/adopt-openjdk-1.8.0_252/Contents/Home/jre/lib/jfr.jar:/Users/rohitkumar/Library/Java/JavaVirtualMachines/adopt-openjdk-1.8.0_252/Contents/Home/jre/classes"/>
    <property name="sun.management.compiler" value="HotSpot 64-Bit Tiered Compilers"/>
    <property name="ftp.nonProxyHosts" value="local|*.local|169.254/16|*.169.254/16"/>
    <property name="java.runtime.version" value="1.8.0_252-b09"/>
    <property name="user.name" value="rohitkumar"/>
    <property name="path.separator" value=":"/>
    <property name="os.version" value="10.15.4"/>
    <property name="java.endorsed.dirs" value="/Users/rohitkumar/Library/Java/JavaVirtualMachines/adopt-openjdk-1.8.0_252/Contents/Home/jre/lib/endorsed"/>
    <property name="java.runtime.name" value="OpenJDK Runtime Environment"/>
    <property name="file.encoding" value="UTF-8"/>
    <property name="java.vm.name" value="OpenJDK 64-Bit Server VM"/>
    <property name="localRepository" value="/Users/rohitkumar/.m2/repository"/>
    <property name="java.vendor.url.bug" value="http://bugreport.sun.com/bugreport/"/>
    <property name="java.io.tmpdir" value="/var/folders/nv/6_q1tzb941708rysw8x49ykh0000gn/T/"/>
    <property name="java.version" value="1.8.0_252"/>
    <property name="user.dir" value="/Users/rohitkumar/IdeaProjects/MavenProject"/>
    <property name="os.arch" value="x86_64"/>
    <property name="java.vm.specification.name" value="Java Virtual Machine Specification"/>
    <property name="java.awt.printerjob" value="sun.lwawt.macosx.CPrinterJob"/>
    <property name="sun.os.patch.level" value="unknown"/>
    <property name="java.library.path" value="/Users/rohitkumar/Library/Java/Extensions:/Library/Java/Extensions:/Network/Library/Java/Extensions:/System/Library/Java/Extensions:/usr/lib/java:."/>
    <property name="java.vm.info" value="mixed mode"/>
    <property name="java.vendor" value="AdoptOpenJDK"/>
    <property name="java.vm.version" value="25.252-b09"/>
    <property name="java.ext.dirs" value="/Users/rohitkumar/Library/Java/Extensions:/Users/rohitkumar/Library/Java/JavaVirtualMachines/adopt-openjdk-1.8.0_252/Contents/Home/jre/lib/ext:/Library/Java/Extensions:/Network/Library/Java/Extensions:/System/Library/Java/Extensions:/usr/lib/java"/>
    <property name="sun.io.unicode.encoding" value="UnicodeBig"/>
    <property name="java.class.version" value="52.0"/>
    <property name="socksNonProxyHosts" value="local|*.local|169.254/16|*.169.254/16"/>
  </properties>
</testsuite>