<?xml version="1.0" encoding="UTF-8"?>
<!-- Generated by org.testng.reporters.JUnitReportReporter -->
<testsuite skipped="0" hostname="rohits-MacBook-Pro-2.local" name="qaclickacademy.SeleniumTest" tests="2" failures="0" timestamp="21 May 2020 08:36:00 GMT" time="0.013" errors="0">
  <testcase name="BrowserAutomation" time="0.006" classname="qaclickacademy.SeleniumTest"/>
  <testcase name="elementUI" time="0.007" classname="qaclickacademy.SeleniumTest"/>
</testsuite> <!-- qaclickacademy.SeleniumTest -->
