<?xml version="1.0" encoding="UTF-8"?>
<!-- Generated by org.testng.reporters.JUnitReportReporter -->
<testsuite skipped="0" hostname="rohits-MacBook-Pro-2.local" name="qaclickacademy.AppiumTest" tests="2" failures="0" timestamp="21 May 2020 07:03:26 GMT" time="0.013" errors="0">
  <testcase name="nativeAppAndroid" time="0.008" classname="qaclickacademy.AppiumTest"/>
  <testcase name="iosApps" time="0.005" classname="qaclickacademy.AppiumTest"/>
</testsuite> <!-- qaclickacademy.AppiumTest -->
